<?xml version="1.0" encoding="UTF-8"?>
<testsuite name="unittest.loader._FailedTest-20211201151151" tests="1" file="unittest/loader.py" time="0.009" timestamp="2021-12-01T15:11:51" failures="0" errors="1" skipped="0">
	<testcase classname="unittest.loader._FailedTest" name="UnitTest_tests" time="0.009" timestamp="2021-12-01T15:11:51">
		<error type="ImportError" message="Failed to import test module: UnitTest_tests
Traceback (most recent call last):
  File &quot;C:\Users\Nova\AppData\Local\Programs\Python\Python38\lib\unittest\loader.py&quot;, line 154, in loadTestsFromName
    module = __import__(module_name)
  File &quot;e:\niit\semester 7\capstone project ii\project\venv\agender\ui\agender_ui\pybuilder\src\unittest\python\UnitTest_tests.py&quot;, line 1, in &lt;module&gt;
    from pybuilder import ContrastBrightness
ImportError: cannot import name 'ContrastBrightness' from 'pybuilder' (e:\niit\semester 7\capstone project ii\project\venv\lib\site-packages\pybuilder\__init__.py)
"><![CDATA[Traceback (most recent call last):
  File "C:\Users\Nova\AppData\Local\Programs\Python\Python38\lib\unittest\case.py", line 60, in testPartExecutor
    yield
  File "C:\Users\Nova\AppData\Local\Programs\Python\Python38\lib\unittest\case.py", line 676, in run
    self._callTestMethod(testMethod)
  File "C:\Users\Nova\AppData\Local\Programs\Python\Python38\lib\unittest\case.py", line 633, in _callTestMethod
    method()
  File "C:\Users\Nova\AppData\Local\Programs\Python\Python38\lib\unittest\loader.py", line 34, in testFailure
    raise self._exception
ImportError: Failed to import test module: UnitTest_tests
Traceback (most recent call last):
  File "C:\Users\Nova\AppData\Local\Programs\Python\Python38\lib\unittest\loader.py", line 154, in loadTestsFromName
    module = __import__(module_name)
  File "e:\niit\semester 7\capstone project ii\project\venv\agender\ui\agender_ui\pybuilder\src\unittest\python\UnitTest_tests.py", line 1, in <module>
    from pybuilder import ContrastBrightness
ImportError: cannot import name 'ContrastBrightness' from 'pybuilder' (e:\niit\semester 7\capstone project ii\project\venv\lib\site-packages\pybuilder\__init__.py)

]]></error>
	</testcase>
</testsuite>
